{
"contracts\\SimpleSwap.sol":{"l":{"37":21,"38":20,"39":19,"48":2,"61":13,"62":11,"63":11,"91":8,"92":8,"94":6,"104":6,"105":6,"108":6,"109":6,"112":6,"135":6,"136":5,"141":1,"144":1,"146":1,"147":1,"151":0,"154":0,"155":0,"165":8,"166":8,"169":8,"170":8,"171":8,"173":0,"174":0,"191":6,"195":6,"196":5,"199":1,"200":1,"201":1,"203":1,"206":6,"228":1,"229":1,"231":1,"233":1,"234":1,"237":1,"238":1,"241":1,"244":1,"245":1,"248":1,"256":1,"257":1,"260":1,"273":3,"278":4,"279":3,"282":2,"299":2,"300":2,"302":1,"303":1,"306":1,"307":1,"310":1,"311":1,"314":1,"317":1,"320":1,"322":1,"323":1,"324":1,"325":1,"333":5,"334":5,"335":5,"336":5,"337":359,"338":359,"341":0,"343":0},"path":"C:\\Users\\goror\\Desktop\\ETHKIPUMOD4\\hardhat\\contracts\\SimpleSwap.sol","s":{"1":21,"2":20,"3":13,"4":11,"5":8,"6":8,"7":6,"8":6,"9":6,"10":6,"11":6,"12":5,"13":1,"14":1,"15":1,"16":1,"17":0,"18":0,"19":0,"20":8,"21":8,"22":8,"23":8,"24":8,"25":0,"26":0,"27":6,"28":6,"29":1,"30":1,"31":1,"32":6,"33":1,"34":1,"35":1,"36":1,"37":1,"38":1,"39":1,"40":1,"41":1,"42":1,"43":1,"44":4,"45":3,"46":2,"47":2,"48":1,"49":1,"50":1,"51":1,"52":1,"53":1,"54":1,"55":1,"56":1,"57":1,"58":5,"59":5,"60":5,"61":0},"b":{"1":[20,1],"2":[19,1],"3":[19,0],"4":[11,0],"5":[8,0],"6":[5,1],"7":[1,0],"8":[1,0],"9":[0,0],"10":[8,0],"11":[8,0],"12":[8,0],"13":[0,0],"14":[0,0],"15":[5,1],"16":[1,0],"17":[0,1],"18":[6,0],"19":[1,0],"20":[1,0],"21":[1,0],"22":[1,0],"23":[3,1],"24":[2,1],"25":[2,0],"26":[1,1],"27":[1,0],"28":[1,0],"29":[5,0],"30":[0,0]},"f":{"1":1,"2":21,"3":2,"4":13,"5":8,"6":6,"7":8,"8":6,"9":1,"10":1,"11":3,"12":4,"13":2,"14":5},"fnMap":{"1":{"name":"constructor","line":27,"loc":{"start":{"line":25,"column":4},"end":{"line":28,"column":5}}},"2":{"name":"sortTokens","line":36,"loc":{"start":{"line":36,"column":4},"end":{"line":40,"column":4}}},"3":{"name":"getReserves","line":47,"loc":{"start":{"line":47,"column":4},"end":{"line":49,"column":4}}},"4":{"name":"_getReserves","line":57,"loc":{"start":{"line":57,"column":4},"end":{"line":66,"column":4}}},"5":{"name":"addLiquidity","line":81,"loc":{"start":{"line":81,"column":4},"end":{"line":114,"column":4}}},"6":{"name":"_computeLiquidityAmounts","line":125,"loc":{"start":{"line":125,"column":4},"end":{"line":156,"column":4}}},"7":{"name":"updateReserves","line":164,"loc":{"start":{"line":164,"column":4},"end":{"line":176,"column":4}}},"8":{"name":"calculateLiquidity","line":185,"loc":{"start":{"line":185,"column":4},"end":{"line":207,"column":4}}},"9":{"name":"removeLiquidity","line":219,"loc":{"start":{"line":219,"column":4},"end":{"line":249,"column":4}}},"10":{"name":"getPrice","line":255,"loc":{"start":{"line":255,"column":4},"end":{"line":261,"column":4}}},"11":{"name":"getAmountOut","line":268,"loc":{"start":{"line":268,"column":4},"end":{"line":274,"column":4}}},"12":{"name":"_getAmountOut","line":277,"loc":{"start":{"line":277,"column":4},"end":{"line":283,"column":4}}},"13":{"name":"swapExactTokensForTokens","line":292,"loc":{"start":{"line":292,"column":4},"end":{"line":326,"column":4}}},"14":{"name":"_sqrt","line":332,"loc":{"start":{"line":332,"column":4},"end":{"line":345,"column":4}}}},"statementMap":{"1":{"start":{"line":37,"column":8},"end":{"line":37,"column":61}},"2":{"start":{"line":38,"column":8},"end":{"line":38,"column":88}},"3":{"start":{"line":61,"column":8},"end":{"line":61,"column":69}},"4":{"start":{"line":62,"column":8},"end":{"line":62,"column":51}},"5":{"start":{"line":91,"column":8},"end":{"line":91,"column":63}},"6":{"start":{"line":92,"column":8},"end":{"line":92,"column":69}},"7":{"start":{"line":104,"column":8},"end":{"line":104,"column":70}},"8":{"start":{"line":105,"column":8},"end":{"line":105,"column":70}},"9":{"start":{"line":109,"column":8},"end":{"line":109,"column":27}},"10":{"start":{"line":112,"column":8},"end":{"line":112,"column":77}},"11":{"start":{"line":135,"column":8},"end":{"line":135,"column":5907}},"12":{"start":{"line":136,"column":12},"end":{"line":136,"column":51}},"13":{"start":{"line":141,"column":8},"end":{"line":141,"column":68}},"14":{"start":{"line":144,"column":8},"end":{"line":144,"column":6413}},"15":{"start":{"line":146,"column":12},"end":{"line":146,"column":72}},"16":{"start":{"line":147,"column":12},"end":{"line":147,"column":51}},"17":{"start":{"line":151,"column":8},"end":{"line":151,"column":68}},"18":{"start":{"line":154,"column":8},"end":{"line":154,"column":68}},"19":{"start":{"line":155,"column":8},"end":{"line":155,"column":47}},"20":{"start":{"line":165,"column":8},"end":{"line":165,"column":69}},"21":{"start":{"line":166,"column":8},"end":{"line":166,"column":52}},"22":{"start":{"line":169,"column":8},"end":{"line":169,"column":7680}},"23":{"start":{"line":170,"column":12},"end":{"line":170,"column":67}},"24":{"start":{"line":171,"column":12},"end":{"line":171,"column":67}},"25":{"start":{"line":173,"column":12},"end":{"line":173,"column":67}},"26":{"start":{"line":174,"column":12},"end":{"line":174,"column":67}},"27":{"start":{"line":191,"column":8},"end":{"line":191,"column":41}},"28":{"start":{"line":195,"column":8},"end":{"line":195,"column":8872}},"29":{"start":{"line":199,"column":12},"end":{"line":199,"column":68}},"30":{"start":{"line":200,"column":12},"end":{"line":200,"column":65}},"31":{"start":{"line":201,"column":12},"end":{"line":201,"column":65}},"32":{"start":{"line":206,"column":8},"end":{"line":206,"column":62}},"33":{"start":{"line":228,"column":8},"end":{"line":228,"column":63}},"34":{"start":{"line":229,"column":8},"end":{"line":229,"column":41}},"35":{"start":{"line":231,"column":8},"end":{"line":231,"column":69}},"36":{"start":{"line":237,"column":8},"end":{"line":237,"column":61}},"37":{"start":{"line":238,"column":8},"end":{"line":238,"column":61}},"38":{"start":{"line":241,"column":8},"end":{"line":241,"column":35}},"39":{"start":{"line":244,"column":8},"end":{"line":244,"column":43}},"40":{"start":{"line":245,"column":8},"end":{"line":245,"column":43}},"41":{"start":{"line":248,"column":8},"end":{"line":248,"column":77}},"42":{"start":{"line":256,"column":8},"end":{"line":256,"column":69}},"43":{"start":{"line":257,"column":8},"end":{"line":257,"column":55}},"44":{"start":{"line":278,"column":8},"end":{"line":278,"column":50}},"45":{"start":{"line":279,"column":8},"end":{"line":279,"column":67}},"46":{"start":{"line":299,"column":8},"end":{"line":299,"column":63}},"47":{"start":{"line":300,"column":8},"end":{"line":300,"column":63}},"48":{"start":{"line":302,"column":8},"end":{"line":302,"column":34}},"49":{"start":{"line":303,"column":8},"end":{"line":303,"column":34}},"50":{"start":{"line":306,"column":8},"end":{"line":306,"column":75}},"51":{"start":{"line":307,"column":8},"end":{"line":307,"column":63}},"52":{"start":{"line":310,"column":8},"end":{"line":310,"column":71}},"53":{"start":{"line":311,"column":8},"end":{"line":311,"column":71}},"54":{"start":{"line":314,"column":8},"end":{"line":314,"column":72}},"55":{"start":{"line":317,"column":8},"end":{"line":317,"column":47}},"56":{"start":{"line":320,"column":8},"end":{"line":320,"column":86}},"57":{"start":{"line":325,"column":8},"end":{"line":325,"column":22}},"58":{"start":{"line":333,"column":8},"end":{"line":333,"column":14985}},"59":{"start":{"line":335,"column":12},"end":{"line":335,"column":30}},"60":{"start":{"line":336,"column":12},"end":{"line":336,"column":15068}},"61":{"start":{"line":340,"column":15},"end":{"line":340,"column":15173}}},"branchMap":{"1":{"line":37,"type":"if","locations":[{"start":{"line":37,"column":8},"end":{"line":37,"column":8}},{"start":{"line":37,"column":8},"end":{"line":37,"column":8}}]},"2":{"line":38,"type":"if","locations":[{"start":{"line":38,"column":8},"end":{"line":38,"column":8}},{"start":{"line":38,"column":8},"end":{"line":38,"column":8}}]},"3":{"line":39,"type":"if","locations":[{"start":{"line":39,"column":45},"end":{"line":39,"column":60}},{"start":{"line":39,"column":64},"end":{"line":39,"column":79}}]},"4":{"line":64,"type":"if","locations":[{"start":{"line":64,"column":14},"end":{"line":64,"column":37}},{"start":{"line":65,"column":14},"end":{"line":65,"column":37}}]},"5":{"line":91,"type":"if","locations":[{"start":{"line":91,"column":8},"end":{"line":91,"column":8}},{"start":{"line":91,"column":8},"end":{"line":91,"column":8}}]},"6":{"line":135,"type":"if","locations":[{"start":{"line":135,"column":8},"end":{"line":135,"column":8}},{"start":{"line":135,"column":8},"end":{"line":135,"column":8}}]},"7":{"line":144,"type":"if","locations":[{"start":{"line":144,"column":8},"end":{"line":144,"column":8}},{"start":{"line":144,"column":8},"end":{"line":144,"column":8}}]},"8":{"line":146,"type":"if","locations":[{"start":{"line":146,"column":12},"end":{"line":146,"column":12}},{"start":{"line":146,"column":12},"end":{"line":146,"column":12}}]},"9":{"line":154,"type":"if","locations":[{"start":{"line":154,"column":8},"end":{"line":154,"column":8}},{"start":{"line":154,"column":8},"end":{"line":154,"column":8}}]},"10":{"line":169,"type":"if","locations":[{"start":{"line":169,"column":8},"end":{"line":169,"column":8}},{"start":{"line":169,"column":8},"end":{"line":169,"column":8}}]},"11":{"line":170,"type":"if","locations":[{"start":{"line":170,"column":12},"end":{"line":170,"column":12}},{"start":{"line":170,"column":12},"end":{"line":170,"column":12}}]},"12":{"line":171,"type":"if","locations":[{"start":{"line":171,"column":12},"end":{"line":171,"column":12}},{"start":{"line":171,"column":12},"end":{"line":171,"column":12}}]},"13":{"line":173,"type":"if","locations":[{"start":{"line":173,"column":12},"end":{"line":173,"column":12}},{"start":{"line":173,"column":12},"end":{"line":173,"column":12}}]},"14":{"line":174,"type":"if","locations":[{"start":{"line":174,"column":12},"end":{"line":174,"column":12}},{"start":{"line":174,"column":12},"end":{"line":174,"column":12}}]},"15":{"line":195,"type":"if","locations":[{"start":{"line":195,"column":8},"end":{"line":195,"column":8}},{"start":{"line":195,"column":8},"end":{"line":195,"column":8}}]},"16":{"line":199,"type":"if","locations":[{"start":{"line":199,"column":12},"end":{"line":199,"column":12}},{"start":{"line":199,"column":12},"end":{"line":199,"column":12}}]},"17":{"line":203,"type":"if","locations":[{"start":{"line":203,"column":50},"end":{"line":203,"column":59}},{"start":{"line":203,"column":63},"end":{"line":203,"column":72}}]},"18":{"line":206,"type":"if","locations":[{"start":{"line":206,"column":8},"end":{"line":206,"column":8}},{"start":{"line":206,"column":8},"end":{"line":206,"column":8}}]},"19":{"line":228,"type":"if","locations":[{"start":{"line":228,"column":8},"end":{"line":228,"column":8}},{"start":{"line":228,"column":8},"end":{"line":228,"column":8}}]},"20":{"line":237,"type":"if","locations":[{"start":{"line":237,"column":8},"end":{"line":237,"column":8}},{"start":{"line":237,"column":8},"end":{"line":237,"column":8}}]},"21":{"line":238,"type":"if","locations":[{"start":{"line":238,"column":8},"end":{"line":238,"column":8}},{"start":{"line":238,"column":8},"end":{"line":238,"column":8}}]},"22":{"line":257,"type":"if","locations":[{"start":{"line":257,"column":8},"end":{"line":257,"column":8}},{"start":{"line":257,"column":8},"end":{"line":257,"column":8}}]},"23":{"line":278,"type":"if","locations":[{"start":{"line":278,"column":8},"end":{"line":278,"column":8}},{"start":{"line":278,"column":8},"end":{"line":278,"column":8}}]},"24":{"line":279,"type":"if","locations":[{"start":{"line":279,"column":8},"end":{"line":279,"column":8}},{"start":{"line":279,"column":8},"end":{"line":279,"column":8}}]},"25":{"line":299,"type":"if","locations":[{"start":{"line":299,"column":8},"end":{"line":299,"column":8}},{"start":{"line":299,"column":8},"end":{"line":299,"column":8}}]},"26":{"line":300,"type":"if","locations":[{"start":{"line":300,"column":8},"end":{"line":300,"column":8}},{"start":{"line":300,"column":8},"end":{"line":300,"column":8}}]},"27":{"line":307,"type":"if","locations":[{"start":{"line":307,"column":8},"end":{"line":307,"column":8}},{"start":{"line":307,"column":8},"end":{"line":307,"column":8}}]},"28":{"line":311,"type":"if","locations":[{"start":{"line":311,"column":8},"end":{"line":311,"column":8}},{"start":{"line":311,"column":8},"end":{"line":311,"column":8}}]},"29":{"line":333,"type":"if","locations":[{"start":{"line":333,"column":8},"end":{"line":333,"column":8}},{"start":{"line":333,"column":8},"end":{"line":333,"column":8}}]},"30":{"line":340,"type":"if","locations":[{"start":{"line":340,"column":15},"end":{"line":340,"column":15}},{"start":{"line":340,"column":15},"end":{"line":340,"column":15}}]}}}}
