TN:
SF:C:\Users\goror\Desktop\ETHKIPUMOD4\hardhat\contracts\SimpleSwap.sol
FN:27,constructor
FN:36,sortTokens
FN:47,getReserves
FN:57,_getReserves
FN:81,addLiquidity
FN:125,_computeLiquidityAmounts
FN:164,updateReserves
FN:185,calculateLiquidity
FN:219,removeLiquidity
FN:255,getPrice
FN:268,getAmountOut
FN:277,_getAmountOut
FN:292,swapExactTokensForTokens
FN:332,_sqrt
FNF:14
FNH:14
FNDA:1,constructor
FNDA:21,sortTokens
FNDA:2,getReserves
FNDA:13,_getReserves
FNDA:8,addLiquidity
FNDA:6,_computeLiquidityAmounts
FNDA:8,updateReserves
FNDA:6,calculateLiquidity
FNDA:1,removeLiquidity
FNDA:1,getPrice
FNDA:3,getAmountOut
FNDA:4,_getAmountOut
FNDA:2,swapExactTokensForTokens
FNDA:5,_sqrt
DA:37,21
DA:38,20
DA:39,19
DA:48,2
DA:61,13
DA:62,11
DA:63,11
DA:91,8
DA:92,8
DA:94,6
DA:104,6
DA:105,6
DA:108,6
DA:109,6
DA:112,6
DA:135,6
DA:136,5
DA:141,1
DA:144,1
DA:146,1
DA:147,1
DA:151,0
DA:154,0
DA:155,0
DA:165,8
DA:166,8
DA:169,8
DA:170,8
DA:171,8
DA:173,0
DA:174,0
DA:191,6
DA:195,6
DA:196,5
DA:199,1
DA:200,1
DA:201,1
DA:203,1
DA:206,6
DA:228,1
DA:229,1
DA:231,1
DA:233,1
DA:234,1
DA:237,1
DA:238,1
DA:241,1
DA:244,1
DA:245,1
DA:248,1
DA:256,1
DA:257,1
DA:260,1
DA:273,3
DA:278,4
DA:279,3
DA:282,2
DA:299,2
DA:300,2
DA:302,1
DA:303,1
DA:306,1
DA:307,1
DA:310,1
DA:311,1
DA:314,1
DA:317,1
DA:320,1
DA:322,1
DA:323,1
DA:324,1
DA:325,1
DA:333,5
DA:334,5
DA:335,5
DA:336,5
DA:337,359
DA:338,359
DA:341,0
DA:343,0
LF:80
LH:73
BRDA:37,1,0,20
BRDA:37,1,1,1
BRDA:38,2,0,19
BRDA:38,2,1,1
BRDA:39,3,0,19
BRDA:39,3,1,0
BRDA:64,4,0,11
BRDA:64,4,1,0
BRDA:91,5,0,8
BRDA:91,5,1,0
BRDA:135,6,0,5
BRDA:135,6,1,1
BRDA:144,7,0,1
BRDA:144,7,1,0
BRDA:146,8,0,1
BRDA:146,8,1,0
BRDA:154,9,0,0
BRDA:154,9,1,0
BRDA:169,10,0,8
BRDA:169,10,1,0
BRDA:170,11,0,8
BRDA:170,11,1,0
BRDA:171,12,0,8
BRDA:171,12,1,0
BRDA:173,13,0,0
BRDA:173,13,1,0
BRDA:174,14,0,0
BRDA:174,14,1,0
BRDA:195,15,0,5
BRDA:195,15,1,1
BRDA:199,16,0,1
BRDA:199,16,1,0
BRDA:203,17,0,0
BRDA:203,17,1,1
BRDA:206,18,0,6
BRDA:206,18,1,0
BRDA:228,19,0,1
BRDA:228,19,1,0
BRDA:237,20,0,1
BRDA:237,20,1,0
BRDA:238,21,0,1
BRDA:238,21,1,0
BRDA:257,22,0,1
BRDA:257,22,1,0
BRDA:278,23,0,3
BRDA:278,23,1,1
BRDA:279,24,0,2
BRDA:279,24,1,1
BRDA:299,25,0,2
BRDA:299,25,1,0
BRDA:300,26,0,1
BRDA:300,26,1,1
BRDA:307,27,0,1
BRDA:307,27,1,0
BRDA:311,28,0,1
BRDA:311,28,1,0
BRDA:333,29,0,5
BRDA:333,29,1,0
BRDA:340,30,0,0
BRDA:340,30,1,0
BRF:60
BRH:33
end_of_record
